<?xml version="1.0" encoding="UTF-8"?>
<testsuite name="CalculadoraTest" tests="4" skipped="0" failures="0" errors="0" timestamp="2022-03-09T16:19:30" hostname="DESKTOP-DNTDKM1" time="0.045">
  <properties/>
  <testcase name="subTest()" classname="CalculadoraTest" time="0.037"/>
  <testcase name="multiTest()" classname="CalculadoraTest" time="0.002"/>
  <testcase name="addTest()" classname="CalculadoraTest" time="0.001"/>
  <testcase name="divTest()" classname="CalculadoraTest" time="0.002"/>
  <system-out><![CDATA[]]></system-out>
  <system-err><![CDATA[]]></system-err>
</testsuite>
